08:44:53.613 INFO  - Project 'basic_system_hw_platform' created. You can now create BSPs and application projects targeting this hardware platform. 
08:45:29.358 INFO  - FPGA configured successfully with bitstream "D:/work/lprs2/2013_2014/Resene_vezbe/lab56/basic_system/SDK/SDK_Workspace/basic_system_hw_platform/download.bit" 
09:12:40.940 INFO  - Saving repository preferences. 
09:12:40.942 INFO  - Reading in cores from global repositories: 
		 D:\work\lprs2\2013_2014\Resene_vezbe\lab56 
09:12:40.947 INFO  - Updating libgen.options on all BSP projects. 
09:12:40.948 INFO  - Cleaning BSP projects in the workspace. 
09:14:22.175 INFO  - Saving repository preferences. 
09:14:22.178 INFO  - Reading in cores from local repositories: 
		 D:\work\lprs2\2013_2014\Resene_vezbe\lab56\basic_system\pcores 
09:14:22.187 INFO  - Updating libgen.options on all BSP projects. 
09:14:22.189 INFO  - Cleaning BSP projects in the workspace. 
10:20:50.218 INFO  - Project basic_system_hw_platform's source hardware specification located at D:\work\lprs2\2013_2014\Resene_vezbe\lab56\basic_system\SDK\SDK_Export\hw\system.xml is now different from the local copy.
		 The local copy will be replaced with the source specification and your workspace will be updated. 
10:20:58.641 INFO  - Copied contents of D:\work\lprs2\2013_2014\Resene_vezbe\lab56\basic_system\SDK\SDK_Export\hw\system.xml into \basic_system_hw_platform\system.xml. 
10:20:58.647 INFO  - Copied contents of D:\work\lprs2\2013_2014\Resene_vezbe\lab56\basic_system\SDK\SDK_Export\hw\system.bit into \basic_system_hw_platform\system.bit. 
10:20:58.649 INFO  - Copied contents of D:\work\lprs2\2013_2014\Resene_vezbe\lab56\basic_system\SDK\SDK_Export\hw\system_bd.bmm into \basic_system_hw_platform\system_bd.bmm. 
10:20:58.937 INFO  - Synchronizing projects in the workspace with the hardware platform specification changes. 
10:21:00.535 INFO  - Updating hardware inferred compiler options for hello_world. 
10:21:00.565 INFO  - Clearing existing target manager status. 
10:21:00.566 INFO  - Closing and re-opening the MSS file of ther project hello_world_bsp 
10:21:01.745 INFO  - Workspace synchronized with the new hardware specification file. Cleaning dependent projects... 
10:21:22.252 INFO  - FPGA configured successfully with bitstream "D:/work/lprs2/2013_2014/Resene_vezbe/lab56/basic_system/SDK/SDK_Workspace/basic_system_hw_platform/download.bit" 
11:12:41.053 INFO  - Project basic_system_hw_platform's source hardware specification located at D:\work\lprs2\2013_2014\Resene_vezbe\lab56\basic_system\SDK\SDK_Export\hw\system.xml is now different from the local copy.
		 The local copy will be replaced with the source specification and your workspace will be updated. 
11:13:00.178 INFO  - Copied contents of D:\work\lprs2\2013_2014\Resene_vezbe\lab56\basic_system\SDK\SDK_Export\hw\system.xml into \basic_system_hw_platform\system.xml. 
11:13:00.185 INFO  - Copied contents of D:\work\lprs2\2013_2014\Resene_vezbe\lab56\basic_system\SDK\SDK_Export\hw\system.bit into \basic_system_hw_platform\system.bit. 
11:13:00.188 INFO  - Copied contents of D:\work\lprs2\2013_2014\Resene_vezbe\lab56\basic_system\SDK\SDK_Export\hw\system_bd.bmm into \basic_system_hw_platform\system_bd.bmm. 
11:13:00.696 INFO  - Synchronizing projects in the workspace with the hardware platform specification changes. 
11:13:01.462 INFO  - Updating MSS for Board Support Package Project: hello_world_bsp.
		 The following driver assignments were removed:
			Peripheral Instance: vga_periph_0, driver: generic_v1_00_a.
		 The following new driver assignments were made:
			Peripheral Instance: vga_periph_mem_0, driver: generic_v1_00_a.
 
11:13:02.245 INFO  - Updating hardware inferred compiler options for hello_world. 
11:13:02.246 INFO  - Clearing existing target manager status. 
11:13:02.247 INFO  - Closing and re-opening the MSS file of ther project hello_world_bsp 
11:13:03.421 INFO  - Workspace synchronized with the new hardware specification file. Cleaning dependent projects... 
11:29:41.953 INFO  - Project basic_system_hw_platform's source hardware specification located at D:\work\lprs2\2013_2014\Resene_vezbe\lab56\basic_system\SDK\SDK_Export\hw\system.xml is now different from the local copy.
		 The local copy will be replaced with the source specification and your workspace will be updated. 
11:29:48.055 INFO  - Copied contents of D:\work\lprs2\2013_2014\Resene_vezbe\lab56\basic_system\SDK\SDK_Export\hw\system.xml into \basic_system_hw_platform\system.xml. 
11:29:48.062 INFO  - Copied contents of D:\work\lprs2\2013_2014\Resene_vezbe\lab56\basic_system\SDK\SDK_Export\hw\system.bit into \basic_system_hw_platform\system.bit. 
11:29:48.065 INFO  - Copied contents of D:\work\lprs2\2013_2014\Resene_vezbe\lab56\basic_system\SDK\SDK_Export\hw\system_bd.bmm into \basic_system_hw_platform\system_bd.bmm. 
11:29:48.345 INFO  - Synchronizing projects in the workspace with the hardware platform specification changes. 
11:29:49.956 INFO  - Updating hardware inferred compiler options for hello_world. 
11:29:50.005 INFO  - Clearing existing target manager status. 
11:29:50.005 INFO  - Closing and re-opening the MSS file of ther project hello_world_bsp 
11:29:51.181 INFO  - Workspace synchronized with the new hardware specification file. Cleaning dependent projects... 
11:30:12.494 INFO  - FPGA configured successfully with bitstream "D:/work/lprs2/2013_2014/Resene_vezbe/lab56/basic_system/SDK/SDK_Workspace/basic_system_hw_platform/download.bit" 
11:49:15.795 INFO  - Updating .bit and .bmm files from XPS's export folder. 
11:49:17.124 INFO  - Copied contents of D:\work\lprs2\2013_2014\Resene_vezbe\lab56\basic_system\SDK\SDK_Export\hw\system.bit into \basic_system_hw_platform\system.bit. 
11:49:17.127 INFO  - Copied contents of D:\work\lprs2\2013_2014\Resene_vezbe\lab56\basic_system\SDK\SDK_Export\hw\system_bd.bmm into \basic_system_hw_platform\system_bd.bmm. 
11:49:35.456 INFO  - FPGA configured successfully with bitstream "D:/work/lprs2/2013_2014/Resene_vezbe/lab56/basic_system/SDK/SDK_Workspace/basic_system_hw_platform/download.bit" 
13:48:02.945 INFO  - Updating .bit and .bmm files from XPS's export folder. 
13:48:06.532 INFO  - Copied contents of D:\work\lprs2\2013_2014\Resene_vezbe\lab56\basic_system\SDK\SDK_Export\hw\system.bit into \basic_system_hw_platform\system.bit. 
13:48:06.536 INFO  - Copied contents of D:\work\lprs2\2013_2014\Resene_vezbe\lab56\basic_system\SDK\SDK_Export\hw\system_bd.bmm into \basic_system_hw_platform\system_bd.bmm. 
13:48:23.182 INFO  - FPGA configured successfully with bitstream "D:/work/lprs2/2013_2014/Resene_vezbe/lab56/basic_system/SDK/SDK_Workspace/basic_system_hw_platform/download.bit" 
13:50:49.565 INFO  - FPGA configured successfully with bitstream "D:/work/lprs2/2013_2014/Resene_vezbe/lab56/basic_system/SDK/SDK_Workspace/basic_system_hw_platform/download.bit" 
13:51:46.892 INFO  - FPGA configured successfully with bitstream "D:/work/lprs2/2013_2014/Resene_vezbe/lab56/basic_system/SDK/SDK_Workspace/basic_system_hw_platform/download.bit" 
13:52:19.025 INFO  - FPGA configured successfully with bitstream "D:/work/lprs2/2013_2014/Resene_vezbe/lab56/basic_system/SDK/SDK_Workspace/basic_system_hw_platform/download.bit" 
13:53:55.309 INFO  - FPGA configured successfully with bitstream "D:/work/lprs2/2013_2014/Resene_vezbe/lab56/basic_system/SDK/SDK_Workspace/basic_system_hw_platform/download.bit" 
14:13:56.924 INFO  - Project basic_system_hw_platform's source hardware specification located at D:\work\lprs2\2013_2014\Resene_vezbe\lab56\basic_system\SDK\SDK_Export\hw\system.xml is now different from the local copy.
		 The local copy will be replaced with the source specification and your workspace will be updated. 
14:14:20.614 INFO  - Copied contents of D:\work\lprs2\2013_2014\Resene_vezbe\lab56\basic_system\SDK\SDK_Export\hw\system.xml into \basic_system_hw_platform\system.xml. 
14:14:20.618 INFO  - Copied contents of D:\work\lprs2\2013_2014\Resene_vezbe\lab56\basic_system\SDK\SDK_Export\hw\system.bit into \basic_system_hw_platform\system.bit. 
14:14:20.620 INFO  - Copied contents of D:\work\lprs2\2013_2014\Resene_vezbe\lab56\basic_system\SDK\SDK_Export\hw\system_bd.bmm into \basic_system_hw_platform\system_bd.bmm. 
14:14:20.912 INFO  - Synchronizing projects in the workspace with the hardware platform specification changes. 
14:14:22.453 INFO  - Updating hardware inferred compiler options for hello_world. 
14:14:22.455 INFO  - Clearing existing target manager status. 
14:14:22.455 INFO  - Closing and re-opening the MSS file of ther project hello_world_bsp 
14:14:23.627 INFO  - Workspace synchronized with the new hardware specification file. Cleaning dependent projects... 
14:15:05.263 INFO  - FPGA configured successfully with bitstream "D:/work/lprs2/2013_2014/Resene_vezbe/lab56/basic_system/SDK/SDK_Workspace/basic_system_hw_platform/download.bit" 
14:20:22.405 INFO  - Updating .bit and .bmm files from XPS's export folder. 
14:20:24.494 INFO  - Copied contents of D:\work\lprs2\2013_2014\Resene_vezbe\lab56\basic_system\SDK\SDK_Export\hw\system.bit into \basic_system_hw_platform\system.bit. 
14:20:24.497 INFO  - Copied contents of D:\work\lprs2\2013_2014\Resene_vezbe\lab56\basic_system\SDK\SDK_Export\hw\system_bd.bmm into \basic_system_hw_platform\system_bd.bmm. 
14:20:39.871 INFO  - FPGA configured successfully with bitstream "D:/work/lprs2/2013_2014/Resene_vezbe/lab56/basic_system/SDK/SDK_Workspace/basic_system_hw_platform/download.bit" 
14:28:08.588 INFO  - FPGA configured successfully with bitstream "D:/work/lprs2/2013_2014/Resene_vezbe/lab56/basic_system/SDK/SDK_Workspace/basic_system_hw_platform/download.bit" 
14:33:12.049 INFO  - FPGA configured successfully with bitstream "D:/work/lprs2/2013_2014/Resene_vezbe/lab56/basic_system/SDK/SDK_Workspace/basic_system_hw_platform/download.bit" 
14:41:31.698 INFO  - Updating .bit and .bmm files from XPS's export folder. 
14:41:33.069 INFO  - Copied contents of D:\work\lprs2\2013_2014\Resene_vezbe\lab56\basic_system\SDK\SDK_Export\hw\system.bit into \basic_system_hw_platform\system.bit. 
14:41:33.072 INFO  - Copied contents of D:\work\lprs2\2013_2014\Resene_vezbe\lab56\basic_system\SDK\SDK_Export\hw\system_bd.bmm into \basic_system_hw_platform\system_bd.bmm. 
14:42:14.443 INFO  - FPGA configured successfully with bitstream "D:/work/lprs2/2013_2014/Resene_vezbe/lab56/basic_system/SDK/SDK_Workspace/basic_system_hw_platform/download.bit" 
14:52:24.180 INFO  - Updating .bit and .bmm files from XPS's export folder. 
14:52:28.565 INFO  - Copied contents of D:\work\lprs2\2013_2014\Resene_vezbe\lab56\basic_system\SDK\SDK_Export\hw\system.bit into \basic_system_hw_platform\system.bit. 
14:52:28.575 INFO  - Copied contents of D:\work\lprs2\2013_2014\Resene_vezbe\lab56\basic_system\SDK\SDK_Export\hw\system_bd.bmm into \basic_system_hw_platform\system_bd.bmm. 
14:52:41.579 INFO  - FPGA configured successfully with bitstream "D:/work/lprs2/2013_2014/Resene_vezbe/lab56/basic_system/SDK/SDK_Workspace/basic_system_hw_platform/download.bit" 
14:58:50.736 INFO  - Updating .bit and .bmm files from XPS's export folder. 
14:58:52.773 INFO  - Copied contents of D:\work\lprs2\2013_2014\Resene_vezbe\lab56\basic_system\SDK\SDK_Export\hw\system.bit into \basic_system_hw_platform\system.bit. 
14:58:52.777 INFO  - Copied contents of D:\work\lprs2\2013_2014\Resene_vezbe\lab56\basic_system\SDK\SDK_Export\hw\system_bd.bmm into \basic_system_hw_platform\system_bd.bmm. 
14:59:07.267 INFO  - FPGA configured successfully with bitstream "D:/work/lprs2/2013_2014/Resene_vezbe/lab56/basic_system/SDK/SDK_Workspace/basic_system_hw_platform/download.bit" 
15:04:56.224 INFO  - Updating .bit and .bmm files from XPS's export folder. 
15:04:57.689 INFO  - Copied contents of D:\work\lprs2\2013_2014\Resene_vezbe\lab56\basic_system\SDK\SDK_Export\hw\system.bit into \basic_system_hw_platform\system.bit. 
15:04:57.691 INFO  - Copied contents of D:\work\lprs2\2013_2014\Resene_vezbe\lab56\basic_system\SDK\SDK_Export\hw\system_bd.bmm into \basic_system_hw_platform\system_bd.bmm. 
15:05:08.672 INFO  - FPGA configured successfully with bitstream "D:/work/lprs2/2013_2014/Resene_vezbe/lab56/basic_system/SDK/SDK_Workspace/basic_system_hw_platform/download.bit" 
15:25:24.620 INFO  - Updating .bit and .bmm files from XPS's export folder. 
15:25:30.347 INFO  - Copied contents of D:\work\lprs2\2013_2014\Resene_vezbe\lab56\basic_system\SDK\SDK_Export\hw\system.bit into \basic_system_hw_platform\system.bit. 
15:25:30.351 INFO  - Copied contents of D:\work\lprs2\2013_2014\Resene_vezbe\lab56\basic_system\SDK\SDK_Export\hw\system_bd.bmm into \basic_system_hw_platform\system_bd.bmm. 
15:25:43.495 INFO  - FPGA configured successfully with bitstream "D:/work/lprs2/2013_2014/Resene_vezbe/lab56/basic_system/SDK/SDK_Workspace/basic_system_hw_platform/download.bit" 
15:43:36.753 INFO  - Updating .bit and .bmm files from XPS's export folder. 
15:43:38.947 INFO  - Copied contents of D:\work\lprs2\2013_2014\Resene_vezbe\lab56\basic_system\SDK\SDK_Export\hw\system.bit into \basic_system_hw_platform\system.bit. 
15:43:38.950 INFO  - Copied contents of D:\work\lprs2\2013_2014\Resene_vezbe\lab56\basic_system\SDK\SDK_Export\hw\system_bd.bmm into \basic_system_hw_platform\system_bd.bmm. 
15:43:56.424 INFO  - FPGA configured successfully with bitstream "D:/work/lprs2/2013_2014/Resene_vezbe/lab56/basic_system/SDK/SDK_Workspace/basic_system_hw_platform/download.bit" 
09:01:25.990 INFO  - FPGA configured successfully with bitstream "D:/work/lprs2/2013_2014/Resene_vezbe/lab56/basic_system/SDK/SDK_Workspace/basic_system_hw_platform/download.bit" 
09:14:34.380 ERROR - Unexpected error while parsing XMD response ?: com.google.gson.JsonSyntaxException: com.google.gson.stream.MalformedJsonException: invalid number or unquoted string near  
09:14:54.209 INFO  - Restoring local repository preferences: 
		 D:\work\lprs2\2013_2014\Resene_vezbe\lab56\basic_system\pcores 
09:15:23.771 INFO  - Saving repository preferences. 
09:15:26.363 INFO  - Saving repository preferences. 
09:15:26.919 INFO  - Saving repository preferences. 
09:26:48.223 ERROR - Unable to read in MSS file D:\work\lprs2\2013_2014\Resene_vezbe\lab56\basic_system\SDK\SDK_Workspace\hello_world_bsp\system.mss. 
09:27:40.760 INFO  - Saving repository preferences. 
09:27:40.762 INFO  - Updating libgen.options on all BSP projects. 
09:27:40.764 INFO  - Cleaning BSP projects in the workspace. 
09:27:41.087 ERROR - Unable to read in MSS file D:\work\lprs2\2013_2014\Resene_vezbe\lab56\basic_system\SDK\SDK_Workspace\hello_world_bsp\system.mss. 
09:28:59.623 INFO  - Saving repository preferences. 
09:28:59.626 INFO  - Reading in cores from local repositories: 
		 D:\work\lprs2\2013_2014\Resene_vezbe\lab56 
09:28:59.636 INFO  - Updating libgen.options on all BSP projects. 
09:28:59.639 INFO  - Cleaning BSP projects in the workspace. 
09:29:28.380 INFO  - Settings changed on project hello_world_bsp. Triggering a rebuild... 
09:29:28.620 INFO  - Refreshed build settings on project hello_world 
09:29:47.883 INFO  - Settings changed on project hello_world_bsp. Triggering a rebuild... 
09:29:48.122 INFO  - Refreshed build settings on project hello_world 
09:34:45.378 INFO  - FPGA configured successfully with bitstream "D:/work/lprs2/2013_2014/Resene_vezbe/lab56/basic_system/SDK/SDK_Workspace/basic_system_hw_platform/download.bit" 
09:36:36.385 INFO  - Settings changed on project hello_world_bsp. Triggering a rebuild... 
09:36:36.629 INFO  - Refreshed build settings on project hello_world 
09:37:05.460 INFO  - Saving repository preferences. 
09:37:05.462 INFO  - Updating libgen.options on all BSP projects. 
09:37:05.464 INFO  - Cleaning BSP projects in the workspace. 
09:38:39.243 INFO  - Saving repository preferences. 
09:38:39.246 INFO  - Reading in cores from local repositories: 
		 D:\work\lprs2\2013_2014\Resene_vezbe\lab56\basic_system 
09:38:39.298 INFO  - Updating libgen.options on all BSP projects. 
09:38:39.299 INFO  - Cleaning BSP projects in the workspace. 
09:39:04.731 INFO  - Settings changed on project hello_world_bsp. Triggering a rebuild... 
09:39:04.953 INFO  - Refreshed build settings on project hello_world 
10:33:44.745 ERROR - Unexpected error while parsing XMD response ?: com.google.gson.JsonSyntaxException: com.google.gson.stream.MalformedJsonException: invalid number or unquoted string near  
10:36:10.473 ERROR - Unexpected error while parsing XMD response ?: com.google.gson.JsonSyntaxException: com.google.gson.stream.MalformedJsonException: invalid number or unquoted string near  
10:58:59.061 INFO  - Restoring local repository preferences: 
		 D:\work\lprs2\2013_2014\Resene_vezbe\lab56\basic_system 
10:58:59.110 ERROR - Unable to read in MSS file D:\ra205-2016\lab5\SDK\SDK_Workspace\hello_world_bsp\system.mss. 
10:59:00.695 ERROR - Unable to read in MSS file D:\ra205-2016\lab5\SDK\SDK_Workspace\hello_world_bsp\system.mss. 
10:59:00.710 ERROR - Unable to read in MSS file D:\ra205-2016\lab5\SDK\SDK_Workspace\hello_world_bsp\system.mss. 
10:59:00.746 WARN  - Unable to determine location of documentation for OS . 
10:59:00.750 ERROR - Unable to read in MSS file D:\ra205-2016\lab5\SDK\SDK_Workspace\hello_world_bsp\system.mss. 
10:59:00.756 ERROR - Unable to read in MSS file D:\ra205-2016\lab5\SDK\SDK_Workspace\hello_world_bsp\system.mss. 
10:59:06.763 ERROR - Unable to read in MSS file D:\ra205-2016\lab5\SDK\SDK_Workspace\hello_world_bsp\system.mss. 
10:59:12.494 ERROR - Unable to read in MSS file D:\ra205-2016\lab5\SDK\SDK_Workspace\hello_world_bsp\system.mss. 
11:00:24.147 INFO  - Settings changed on project hello_world_bsp. Triggering a rebuild... 
11:01:42.485 INFO  - FPGA configured successfully with bitstream "D:/ra205-2016/lab5/SDK/SDK_Workspace/basic_system_hw_platform/download.bit" 
11:20:38.983 INFO  - microblaze_0 Processor is in use. Please stop existing Run or Debug sessions before launching. 
11:21:03.997 INFO  - microblaze_0 Processor is in use. Please stop existing Run or Debug sessions before launching. 
11:23:42.529 INFO  - microblaze_0 Processor is in use. Please stop existing Run or Debug sessions before launching. 
11:26:19.511 INFO  - microblaze_0 Processor is in use. Please stop existing Run or Debug sessions before launching. 
11:26:41.491 INFO  - microblaze_0 Processor is in use. Please stop existing Run or Debug sessions before launching. 
11:27:01.795 INFO  - microblaze_0 Processor is in use. Please stop existing Run or Debug sessions before launching. 
11:27:08.787 INFO  - microblaze_0 Processor is in use. Please stop existing Run or Debug sessions before launching. 
11:27:41.986 INFO  - microblaze_0 Processor is in use. Please stop existing Run or Debug sessions before launching. 
11:33:06.754 INFO  - microblaze_0 Processor is in use. Please stop existing Run or Debug sessions before launching. 
11:34:36.130 INFO  - microblaze_0 Processor is in use. Please stop existing Run or Debug sessions before launching. 
11:35:13.808 INFO  - microblaze_0 Processor is in use. Please stop existing Run or Debug sessions before launching. 
11:35:27.884 INFO  - microblaze_0 Processor is in use. Please stop existing Run or Debug sessions before launching. 
11:35:37.140 INFO  - microblaze_0 Processor is in use. Please stop existing Run or Debug sessions before launching. 
11:36:02.927 INFO  - microblaze_0 Processor is in use. Please stop existing Run or Debug sessions before launching. 
11:36:20.824 INFO  - microblaze_0 Processor is in use. Please stop existing Run or Debug sessions before launching. 
11:41:46.609 INFO  - microblaze_0 Processor is in use. Please stop existing Run or Debug sessions before launching. 
11:42:24.793 INFO  - microblaze_0 Processor is in use. Please stop existing Run or Debug sessions before launching. 
11:42:39.562 INFO  - microblaze_0 Processor is in use. Please stop existing Run or Debug sessions before launching. 
11:42:49.866 INFO  - microblaze_0 Processor is in use. Please stop existing Run or Debug sessions before launching. 
11:43:21.523 INFO  - microblaze_0 Processor is in use. Please stop existing Run or Debug sessions before launching. 
11:43:38.784 INFO  - microblaze_0 Processor is in use. Please stop existing Run or Debug sessions before launching. 
11:43:54.469 INFO  - microblaze_0 Processor is in use. Please stop existing Run or Debug sessions before launching. 
11:44:04.367 INFO  - microblaze_0 Processor is in use. Please stop existing Run or Debug sessions before launching. 
11:44:16.057 INFO  - microblaze_0 Processor is in use. Please stop existing Run or Debug sessions before launching. 
11:44:33.646 INFO  - microblaze_0 Processor is in use. Please stop existing Run or Debug sessions before launching. 
11:44:45.734 INFO  - microblaze_0 Processor is in use. Please stop existing Run or Debug sessions before launching. 
11:44:55.523 INFO  - microblaze_0 Processor is in use. Please stop existing Run or Debug sessions before launching. 
11:46:11.619 INFO  - microblaze_0 Processor is in use. Please stop existing Run or Debug sessions before launching. 
11:46:36.934 INFO  - microblaze_0 Processor is in use. Please stop existing Run or Debug sessions before launching. 
11:47:01.319 INFO  - microblaze_0 Processor is in use. Please stop existing Run or Debug sessions before launching. 
11:47:20.343 INFO  - microblaze_0 Processor is in use. Please stop existing Run or Debug sessions before launching. 
11:47:39.026 INFO  - microblaze_0 Processor is in use. Please stop existing Run or Debug sessions before launching. 
11:48:01.504 INFO  - microblaze_0 Processor is in use. Please stop existing Run or Debug sessions before launching. 
11:50:22.144 INFO  - microblaze_0 Processor is in use. Please stop existing Run or Debug sessions before launching. 
11:50:44.028 INFO  - microblaze_0 Processor is in use. Please stop existing Run or Debug sessions before launching. 
11:50:52.945 INFO  - microblaze_0 Processor is in use. Please stop existing Run or Debug sessions before launching. 
11:51:03.219 INFO  - microblaze_0 Processor is in use. Please stop existing Run or Debug sessions before launching. 
11:51:41.392 INFO  - microblaze_0 Processor is in use. Please stop existing Run or Debug sessions before launching. 
11:52:01.872 INFO  - microblaze_0 Processor is in use. Please stop existing Run or Debug sessions before launching. 
11:52:15.859 INFO  - microblaze_0 Processor is in use. Please stop existing Run or Debug sessions before launching. 
11:53:19.247 INFO  - microblaze_0 Processor is in use. Please stop existing Run or Debug sessions before launching. 
11:54:06.227 INFO  - microblaze_0 Processor is in use. Please stop existing Run or Debug sessions before launching. 
11:54:45.182 INFO  - microblaze_0 Processor is in use. Please stop existing Run or Debug sessions before launching. 
11:55:01.474 INFO  - microblaze_0 Processor is in use. Please stop existing Run or Debug sessions before launching. 
11:55:14.984 INFO  - microblaze_0 Processor is in use. Please stop existing Run or Debug sessions before launching. 
11:55:31.877 INFO  - microblaze_0 Processor is in use. Please stop existing Run or Debug sessions before launching. 
11:56:22.171 INFO  - microblaze_0 Processor is in use. Please stop existing Run or Debug sessions before launching. 
11:57:10.354 INFO  - microblaze_0 Processor is in use. Please stop existing Run or Debug sessions before launching. 
11:57:29.661 INFO  - microblaze_0 Processor is in use. Please stop existing Run or Debug sessions before launching. 
11:58:31.529 INFO  - microblaze_0 Processor is in use. Please stop existing Run or Debug sessions before launching. 
11:58:46.018 INFO  - microblaze_0 Processor is in use. Please stop existing Run or Debug sessions before launching. 
11:59:01.820 INFO  - microblaze_0 Processor is in use. Please stop existing Run or Debug sessions before launching. 
11:59:14.854 INFO  - microblaze_0 Processor is in use. Please stop existing Run or Debug sessions before launching. 
11:59:20.442 INFO  - microblaze_0 Processor is in use. Please stop existing Run or Debug sessions before launching. 
11:59:32.712 INFO  - microblaze_0 Processor is in use. Please stop existing Run or Debug sessions before launching. 
12:00:03.094 INFO  - microblaze_0 Processor is in use. Please stop existing Run or Debug sessions before launching. 
12:00:14.290 INFO  - microblaze_0 Processor is in use. Please stop existing Run or Debug sessions before launching. 
12:00:29.085 INFO  - microblaze_0 Processor is in use. Please stop existing Run or Debug sessions before launching. 
12:00:50.971 INFO  - microblaze_0 Processor is in use. Please stop existing Run or Debug sessions before launching. 
12:01:02.120 INFO  - microblaze_0 Processor is in use. Please stop existing Run or Debug sessions before launching. 
12:02:13.024 INFO  - microblaze_0 Processor is in use. Please stop existing Run or Debug sessions before launching. 
12:02:26.218 INFO  - microblaze_0 Processor is in use. Please stop existing Run or Debug sessions before launching. 
12:03:40.003 INFO  - microblaze_0 Processor is in use. Please stop existing Run or Debug sessions before launching. 
12:04:30.791 INFO  - microblaze_0 Processor is in use. Please stop existing Run or Debug sessions before launching. 
12:05:01.982 INFO  - microblaze_0 Processor is in use. Please stop existing Run or Debug sessions before launching. 
12:05:59.488 INFO  - microblaze_0 Processor is in use. Please stop existing Run or Debug sessions before launching. 
12:06:28.608 INFO  - microblaze_0 Processor is in use. Please stop existing Run or Debug sessions before launching. 
12:07:43.190 INFO  - microblaze_0 Processor is in use. Please stop existing Run or Debug sessions before launching. 
12:08:46.987 INFO  - microblaze_0 Processor is in use. Please stop existing Run or Debug sessions before launching. 
12:09:05.471 INFO  - microblaze_0 Processor is in use. Please stop existing Run or Debug sessions before launching. 
12:09:33.657 INFO  - microblaze_0 Processor is in use. Please stop existing Run or Debug sessions before launching. 
12:09:44.984 INFO  - microblaze_0 Processor is in use. Please stop existing Run or Debug sessions before launching. 
12:10:00.479 INFO  - microblaze_0 Processor is in use. Please stop existing Run or Debug sessions before launching. 
12:11:00.164 INFO  - microblaze_0 Processor is in use. Please stop existing Run or Debug sessions before launching. 
12:11:39.058 INFO  - microblaze_0 Processor is in use. Please stop existing Run or Debug sessions before launching. 
12:11:52.715 INFO  - microblaze_0 Processor is in use. Please stop existing Run or Debug sessions before launching. 
12:12:02.687 INFO  - microblaze_0 Processor is in use. Please stop existing Run or Debug sessions before launching. 
12:12:24.669 INFO  - microblaze_0 Processor is in use. Please stop existing Run or Debug sessions before launching. 
12:16:05.459 INFO  - microblaze_0 Processor is in use. Please stop existing Run or Debug sessions before launching. 
12:16:33.353 INFO  - microblaze_0 Processor is in use. Please stop existing Run or Debug sessions before launching. 
12:17:27.126 INFO  - microblaze_0 Processor is in use. Please stop existing Run or Debug sessions before launching. 
12:18:16.281 INFO  - microblaze_0 Processor is in use. Please stop existing Run or Debug sessions before launching. 
12:19:09.311 INFO  - microblaze_0 Processor is in use. Please stop existing Run or Debug sessions before launching. 
12:19:50.472 INFO  - microblaze_0 Processor is in use. Please stop existing Run or Debug sessions before launching. 
12:20:29.959 ERROR - Unable to disconnect from existing targets java.lang.NullPointerException
	at com.xilinx.sdk.targetmanager.internal.json.XMDJSONProcess.issueCommand(Unknown Source)
	at com.xilinx.sdk.targetmanager.internal.TM.disconnectTarget(Unknown Source)

12:20:29.982 ERROR - Unexpected error while fetching XMD's response:  java.net.SocketException: Connection reset
	at java.net.SocketInputStream.read(Unknown Source)
	at sun.nio.cs.StreamDecoder.readBytes(Unknown Source)

12:20:29.987 ERROR - Zero sized response read from XMD. This indicates a communication error or a programming error. 
09:12:32.929 INFO  - Processing command line option -hwspec C:\Users\student\Desktop\veyba5\lab5\SDK\SDK_Export\hw\system.xml. 
09:12:34.443 INFO  - The hardware specification for project 'basic_system_hw_platform' is different from C:\Users\student\Desktop\veyba5\lab5\SDK\SDK_Export\hw\system.xml. 
09:12:34.489 INFO  - Copied contents of C:\Users\student\Desktop\veyba5\lab5\SDK\SDK_Export\hw\system.xml into \basic_system_hw_platform\system.xml. 
09:12:34.492 INFO  - Copied contents of C:\Users\student\Desktop\veyba5\lab5\SDK\SDK_Export\hw\system.bit into \basic_system_hw_platform\system.bit. 
09:12:34.494 INFO  - Copied contents of C:\Users\student\Desktop\veyba5\lab5\SDK\SDK_Export\hw\system_bd.bmm into \basic_system_hw_platform\system_bd.bmm. 
09:12:34.918 INFO  - Synchronizing projects in the workspace with the hardware platform specification changes. 
09:12:36.119 INFO  - Restoring local repository preferences: 
		 D:\work\lprs2\2013_2014\Resene_vezbe\lab56\basic_system 
09:12:37.084 INFO  - Updating hardware inferred compiler options for hello_world. 
09:12:37.097 INFO  - Clearing existing target manager status. 
09:12:39.431 INFO  - Workspace synchronized with the new hardware specification file. Cleaning dependent projects... 
09:16:06.375 INFO  - FPGA configured successfully with bitstream "D:/ra205-2016/lab5/SDK/SDK_Workspace/basic_system_hw_platform/download.bit" 
09:17:13.183 INFO  - FPGA configured successfully with bitstream "D:/ra205-2016/lab5/SDK/SDK_Workspace/basic_system_hw_platform/download.bit" 
09:18:33.215 INFO  - microblaze_0 Processor is in use. Please stop existing Run or Debug sessions before launching. 
09:18:52.911 INFO  - microblaze_0 Processor is in use. Please stop existing Run or Debug sessions before launching. 
09:19:22.898 INFO  - microblaze_0 Processor is in use. Please stop existing Run or Debug sessions before launching. 
09:20:23.522 ERROR - Unexpected error while parsing XMD response ?: com.google.gson.JsonSyntaxException: com.google.gson.stream.MalformedJsonException: invalid number or unquoted string near  
09:26:13.825 INFO  - Processing command line option -hwspec D:\ra205-2016\lab5\SDK\SDK_Export\hw\system.xml. 
09:26:14.565 INFO  - The hardware specification for project 'basic_system_hw_platform' is different from D:\ra205-2016\lab5\SDK\SDK_Export\hw\system.xml. 
09:26:14.577 INFO  - Copied contents of D:\ra205-2016\lab5\SDK\SDK_Export\hw\system.xml into \basic_system_hw_platform\system.xml. 
09:26:14.581 INFO  - Copied contents of D:\ra205-2016\lab5\SDK\SDK_Export\hw\system.bit into \basic_system_hw_platform\system.bit. 
09:26:14.583 INFO  - Copied contents of D:\ra205-2016\lab5\SDK\SDK_Export\hw\system_bd.bmm into \basic_system_hw_platform\system_bd.bmm. 
09:26:14.837 INFO  - Synchronizing projects in the workspace with the hardware platform specification changes. 
09:26:15.703 INFO  - Restoring local repository preferences: 
		 D:\work\lprs2\2013_2014\Resene_vezbe\lab56\basic_system 
09:26:21.714 INFO  - Updating hardware inferred compiler options for hello_world. 
09:26:21.733 INFO  - Clearing existing target manager status. 
09:26:23.908 INFO  - Workspace synchronized with the new hardware specification file. Cleaning dependent projects... 
09:28:13.962 ERROR - Unexpected error while parsing XMD response ?: com.google.gson.JsonSyntaxException: com.google.gson.stream.MalformedJsonException: invalid number or unquoted string near  
11:00:43.879 INFO  - FPGA configured successfully with bitstream "D:/ra205-2016/lab5/SDK/SDK_Workspace/basic_system_hw_platform/download.bit" 
11:01:12.925 INFO  - FPGA configured successfully with bitstream "D:/ra205-2016/lab5/SDK/SDK_Workspace/basic_system_hw_platform/download.bit" 
11:01:48.051 INFO  - FPGA configured successfully with bitstream "D:/ra205-2016/lab5/SDK/SDK_Workspace/basic_system_hw_platform/download.bit" 
11:03:17.352 WARN  - Terminating existing sessions on processor microblaze_0 
11:03:18.676 INFO  - FPGA configured successfully with bitstream "D:/ra205-2016/lab5/SDK/SDK_Workspace/basic_system_hw_platform/download.bit" 
11:06:32.231 INFO  - FPGA configured successfully with bitstream "D:/ra205-2016/lab5/SDK/SDK_Workspace/basic_system_hw_platform/download.bit" 
11:08:17.941 WARN  - Terminating existing sessions on processor microblaze_0 
11:08:19.179 INFO  - FPGA configured successfully with bitstream "D:/ra205-2016/lab5/SDK/SDK_Workspace/basic_system_hw_platform/download.bit" 
11:09:01.852 WARN  - Terminating existing sessions on processor microblaze_0 
11:09:03.049 INFO  - FPGA configured successfully with bitstream "D:/ra205-2016/lab5/SDK/SDK_Workspace/basic_system_hw_platform/download.bit" 
11:09:14.492 INFO  - microblaze_0 Processor is in use. Please stop existing Run or Debug sessions before launching. 
11:09:20.992 ERROR - Unexpected error while launching program. java.lang.RuntimeException: No Active System

	at com.xilinx.sdk.targetmanager.internal.TM.stop(Unknown Source)
	at com.xilinx.sdk.targetmanager.internal.CPURunSession.terminate(Unknown Source)

11:09:27.825 WARN  - Terminating existing sessions on processor microblaze_0 
11:09:44.749 WARN  - Terminating existing sessions on processor microblaze_0 
11:10:10.674 WARN  - Terminating existing sessions on processor microblaze_0 
11:10:31.940 WARN  - Terminating existing sessions on processor microblaze_0 
11:10:44.215 ERROR - Unexpected error while parsing XMD response ?: com.google.gson.JsonSyntaxException: com.google.gson.stream.MalformedJsonException: invalid number or unquoted string near  
11:11:11.241 INFO  - FPGA configured successfully with bitstream "D:/ra205-2016/lab5/SDK/SDK_Workspace/basic_system_hw_platform/download.bit" 
11:14:12.370 WARN  - Terminating existing sessions on processor microblaze_0 
11:14:13.647 INFO  - FPGA configured successfully with bitstream "D:/ra205-2016/lab5/SDK/SDK_Workspace/basic_system_hw_platform/download.bit" 
11:15:20.596 WARN  - Terminating existing sessions on processor microblaze_0 
11:15:21.930 INFO  - FPGA configured successfully with bitstream "D:/ra205-2016/lab5/SDK/SDK_Workspace/basic_system_hw_platform/download.bit" 
11:16:13.003 WARN  - Terminating existing sessions on processor microblaze_0 
11:16:14.365 INFO  - FPGA configured successfully with bitstream "D:/ra205-2016/lab5/SDK/SDK_Workspace/basic_system_hw_platform/download.bit" 
11:16:54.134 WARN  - Terminating existing sessions on processor microblaze_0 
11:16:55.540 INFO  - FPGA configured successfully with bitstream "D:/ra205-2016/lab5/SDK/SDK_Workspace/basic_system_hw_platform/download.bit" 
11:17:05.862 INFO  - microblaze_0 Processor is in use. Please stop existing Run or Debug sessions before launching. 
11:17:11.962 ERROR - Unexpected error while launching program. java.lang.RuntimeException: No Active System

	at com.xilinx.sdk.targetmanager.internal.TM.stop(Unknown Source)
	at com.xilinx.sdk.targetmanager.internal.CPURunSession.terminate(Unknown Source)

11:17:23.663 INFO  - microblaze_0 Processor is in use. Please stop existing Run or Debug sessions before launching. 
11:17:32.322 WARN  - Terminating existing sessions on processor microblaze_0 
11:17:36.085 ERROR - Unexpected error while parsing XMD response ?: com.google.gson.JsonSyntaxException: com.google.gson.stream.MalformedJsonException: invalid number or unquoted string near  
11:18:01.100 INFO  - FPGA configured successfully with bitstream "D:/ra205-2016/lab5/SDK/SDK_Workspace/basic_system_hw_platform/download.bit" 
11:18:58.012 WARN  - Terminating existing sessions on processor microblaze_0 
11:18:59.363 INFO  - FPGA configured successfully with bitstream "D:/ra205-2016/lab5/SDK/SDK_Workspace/basic_system_hw_platform/download.bit" 
11:25:05.532 ERROR - FPGA Configuration failed.Connection to Board Failed


    Failed to Open JTAG Cable
    Cable target is not connected to the host
 
11:25:28.029 INFO  - FPGA configured successfully with bitstream "D:/ra205-2016/lab5/SDK/SDK_Workspace/basic_system_hw_platform/download.bit" 
11:29:25.952 WARN  - Terminating existing sessions on processor microblaze_0 
11:29:27.302 INFO  - FPGA configured successfully with bitstream "D:/ra205-2016/lab5/SDK/SDK_Workspace/basic_system_hw_platform/download.bit" 
11:32:30.808 WARN  - Terminating existing sessions on processor microblaze_0 
11:32:32.204 INFO  - FPGA configured successfully with bitstream "D:/ra205-2016/lab5/SDK/SDK_Workspace/basic_system_hw_platform/download.bit" 
11:33:25.936 WARN  - Terminating existing sessions on processor microblaze_0 
11:33:27.283 INFO  - FPGA configured successfully with bitstream "D:/ra205-2016/lab5/SDK/SDK_Workspace/basic_system_hw_platform/download.bit" 
11:33:32.901 INFO  - microblaze_0 Processor is in use. Please stop existing Run or Debug sessions before launching. 
11:33:44.700 INFO  - microblaze_0 Processor is in use. Please stop existing Run or Debug sessions before launching. 
11:33:53.666 WARN  - Terminating existing sessions on processor microblaze_0 
11:33:57.817 ERROR - Unexpected error while parsing XMD response ?: com.google.gson.JsonSyntaxException: com.google.gson.stream.MalformedJsonException: invalid number or unquoted string near  
